<?xml version="1.0" encoding="UTF-8"?>
<!-- Generated by org.testng.reporters.JUnitXMLReporter -->
<testsuite ignored="1" hostname="DESKTOP-TA655VC" failures="0" tests="3" name="SmokeTest" time="0.177" errors="0" timestamp="2023-07-08T07:14:23 IST">
  <testcase classname="com.testNG.vasu.MultipleTestNGTest" name="ankitha" time="0.021"/>
  <testcase classname="com.testNG.vasu.MultipleTestNGTest" name="smruthi" time="0.011"/>
  <testcase classname="com.testNG.vasu.SampleTestNGTest" name="sample" time="0.004"/>
  <testcase classname="com.testNG.vasu.MultipleTestNGTest" name="vasu" time="0.0">
    <ignored/>
  </testcase> <!-- vasu -->
</testsuite> <!-- SmokeTest -->
