<?xml version="1.0" encoding="UTF-8"?>
<!-- Generated by org.testng.reporters.JUnitXMLReporter -->
<testsuite ignored="0" hostname="DESKTOP-TA655VC" failures="0" tests="4" name="Test" time="0.23" errors="0" timestamp="2023-07-06T07:23:40 IST">
  <testcase classname="com.testNG.vasu.AnnotationsTest1" name="test1" time="0.015"/>
  <testcase classname="com.testNG.vasu.AnnotationsTest1" name="test2" time="0.006"/>
  <testcase classname="com.testNG.vasu.AnnotationsTest2" name="test1" time="0.003"/>
  <testcase classname="com.testNG.vasu.AnnotationsTest2" name="test2" time="0.007"/>
</testsuite> <!-- Test -->
