<?xml version="1.0" encoding="UTF-8"?>
<testng-results ignored="1" total="4" passed="3" failed="0" skipped="0">
  <reporter-output>
  </reporter-output>
  <suite started-at="2023-07-08T07:14:23 IST" name="OrangeHRM" finished-at="2023-07-08T07:14:23 IST" duration-ms="177">
    <groups>
      <group name="Smoke Testing">
        <method signature="MultipleTestNGTest.ankitha()[pri:0, instance:com.testNG.vasu.MultipleTestNGTest@4ef37659]" name="ankitha" class="com.testNG.vasu.MultipleTestNGTest"/>
        <method signature="MultipleTestNGTest.smruthi()[pri:0, instance:com.testNG.vasu.MultipleTestNGTest@4ef37659]" name="smruthi" class="com.testNG.vasu.MultipleTestNGTest"/>
        <method signature="SampleTestNGTest.sample()[pri:0, instance:com.testNG.vasu.SampleTestNGTest@19d481b]" name="sample" class="com.testNG.vasu.SampleTestNGTest"/>
      </group> <!-- Smoke Testing -->
    </groups>
    <test started-at="2023-07-08T07:14:23 IST" name="SmokeTest" finished-at="2023-07-08T07:14:23 IST" duration-ms="177">
      <class name="com.testNG.vasu.MultipleTestNGTest">
        <test-method signature="ankitha()[pri:0, instance:com.testNG.vasu.MultipleTestNGTest@4ef37659]" started-at="2023-07-08T07:14:23 IST" name="ankitha" finished-at="2023-07-08T07:14:23 IST" duration-ms="21" status="PASS">
          <reporter-output>
          </reporter-output>
        </test-method> <!-- ankitha -->
        <test-method signature="smruthi()[pri:0, instance:com.testNG.vasu.MultipleTestNGTest@4ef37659]" started-at="2023-07-08T07:14:23 IST" name="smruthi" finished-at="2023-07-08T07:14:23 IST" duration-ms="11" status="PASS">
          <reporter-output>
          </reporter-output>
        </test-method> <!-- smruthi -->
      </class> <!-- com.testNG.vasu.MultipleTestNGTest -->
      <class name="com.testNG.vasu.SampleTestNGTest">
        <test-method signature="sample()[pri:0, instance:com.testNG.vasu.SampleTestNGTest@19d481b]" started-at="2023-07-08T07:14:23 IST" name="sample" finished-at="2023-07-08T07:14:23 IST" duration-ms="4" status="PASS">
          <reporter-output>
          </reporter-output>
        </test-method> <!-- sample -->
      </class> <!-- com.testNG.vasu.SampleTestNGTest -->
    </test> <!-- SmokeTest -->
  </suite> <!-- OrangeHRM -->
</testng-results>
