<?xml version="1.0" encoding="UTF-8"?>
<testng-results ignored="0" total="1" passed="1" failed="0" skipped="0">
  <reporter-output>
  </reporter-output>
  <suite started-at="2023-07-10T07:23:43 IST" name="Default suite" finished-at="2023-07-10T07:23:43 IST" duration-ms="125">
    <groups>
    </groups>
    <test started-at="2023-07-10T07:23:43 IST" name="Default test" finished-at="2023-07-10T07:23:43 IST" duration-ms="125">
      <class name="com.testNG.vasu.NEWTestNG">
        <test-method signature="gitPush()[pri:0, instance:com.testNG.vasu.NEWTestNG@4e268090]" started-at="2023-07-10T07:23:43 IST" name="gitPush" finished-at="2023-07-10T07:23:43 IST" duration-ms="19" status="PASS">
          <reporter-output>
          </reporter-output>
        </test-method> <!-- gitPush -->
      </class> <!-- com.testNG.vasu.NEWTestNG -->
    </test> <!-- Default test -->
  </suite> <!-- Default suite -->
</testng-results>
